<?xml version="1.0" encoding="UTF-8"?>
<coverage generated="1617914823268" clover="3.2.0">
  <project timestamp="1617914823268" name="All files">
    <metrics statements="47" coveredstatements="47" conditionals="50" coveredconditionals="49" methods="5" coveredmethods="5" elements="102" coveredelements="101" complexity="0" loc="47" ncloc="47" packages="1" files="1" classes="1"/>
    <file name="functions.js" path="D:\GitHub\GitHubProjects\kirhw\7hw\functions.js">
      <metrics statements="47" coveredstatements="47" conditionals="50" coveredconditionals="49" methods="5" coveredmethods="5"/>
      <line num="4" count="8" type="cond" truecount="6" falsecount="0"/>
      <line num="5" count="4" type="stmt"/>
      <line num="8" count="4" type="stmt"/>
      <line num="10" count="4" type="stmt"/>
      <line num="18" count="13" type="cond" truecount="10" falsecount="0"/>
      <line num="20" count="9" type="stmt"/>
      <line num="23" count="4" type="stmt"/>
      <line num="24" count="4" type="stmt"/>
      <line num="31" count="1" type="stmt"/>
      <line num="32" count="1" type="stmt"/>
      <line num="33" count="1" type="stmt"/>
      <line num="38" count="12" type="cond" truecount="6" falsecount="0"/>
      <line num="39" count="4" type="stmt"/>
      <line num="42" count="8" type="stmt"/>
      <line num="43" count="8" type="stmt"/>
      <line num="45" count="8" type="cond" truecount="2" falsecount="0"/>
      <line num="46" count="2" type="stmt"/>
      <line num="47" count="2" type="stmt"/>
      <line num="49" count="6" type="cond" truecount="4" falsecount="0"/>
      <line num="50" count="2" type="stmt"/>
      <line num="51" count="2" type="cond" truecount="2" falsecount="0"/>
      <line num="52" count="2" type="stmt"/>
      <line num="54" count="4" type="cond" truecount="1" falsecount="1"/>
      <line num="55" count="4" type="stmt"/>
      <line num="56" count="4" type="cond" truecount="2" falsecount="0"/>
      <line num="57" count="1" type="stmt"/>
      <line num="59" count="3" type="cond" truecount="2" falsecount="0"/>
      <line num="60" count="3" type="cond" truecount="2" falsecount="0"/>
      <line num="62" count="4" type="stmt"/>
      <line num="70" count="1" type="stmt"/>
      <line num="77" count="13" type="cond" truecount="4" falsecount="0"/>
      <line num="78" count="2" type="stmt"/>
      <line num="81" count="11" type="stmt"/>
      <line num="82" count="11" type="stmt"/>
      <line num="83" count="11" type="stmt"/>
      <line num="84" count="11" type="stmt"/>
      <line num="85" count="149" type="cond" truecount="4" falsecount="0"/>
      <line num="86" count="124" type="stmt"/>
      <line num="88" count="25" type="cond" truecount="2" falsecount="0"/>
      <line num="89" count="25" type="stmt"/>
      <line num="92" count="11" type="stmt"/>
      <line num="96" count="43" type="stmt"/>
      <line num="97" count="871" type="cond" truecount="2" falsecount="0"/>
      <line num="98" count="36" type="stmt"/>
      <line num="101" count="7" type="stmt"/>
      <line num="103" count="1" type="stmt"/>
      <line num="106" count="1" type="stmt"/>
    </file>
  </project>
</coverage>
