<?xml version="1.0" encoding="UTF-8"?>
<coverage generated="1617843709338" clover="3.2.0">
  <project timestamp="1617843709338" name="All files">
    <metrics statements="193" coveredstatements="186" conditionals="195" coveredconditionals="189" methods="23" coveredmethods="22" elements="411" coveredelements="397" complexity="0" loc="193" ncloc="193" packages="1" files="3" classes="3"/>
    <file name="arrays.js" path="D:\GitHub\GitHubProjects\kirhw\7hw\test\arrays.js">
      <metrics statements="92" coveredstatements="92" conditionals="73" coveredconditionals="73" methods="11" coveredmethods="11"/>
      <line num="4" count="5" type="cond" truecount="5" falsecount="0"/>
      <line num="5" count="3" type="stmt"/>
      <line num="8" count="2" type="stmt"/>
      <line num="9" count="2" type="stmt"/>
      <line num="10" count="6" type="cond" truecount="2" falsecount="0"/>
      <line num="11" count="2" type="stmt"/>
      <line num="14" count="2" type="stmt"/>
      <line num="22" count="5" type="cond" truecount="5" falsecount="0"/>
      <line num="23" count="3" type="stmt"/>
      <line num="26" count="2" type="stmt"/>
      <line num="27" count="2" type="stmt"/>
      <line num="28" count="6" type="cond" truecount="2" falsecount="0"/>
      <line num="29" count="2" type="stmt"/>
      <line num="32" count="2" type="stmt"/>
      <line num="40" count="5" type="cond" truecount="5" falsecount="0"/>
      <line num="41" count="3" type="stmt"/>
      <line num="44" count="2" type="stmt"/>
      <line num="45" count="2" type="stmt"/>
      <line num="46" count="2" type="stmt"/>
      <line num="47" count="6" type="cond" truecount="2" falsecount="0"/>
      <line num="48" count="3" type="stmt"/>
      <line num="49" count="3" type="stmt"/>
      <line num="52" count="2" type="stmt"/>
      <line num="60" count="7" type="cond" truecount="5" falsecount="0"/>
      <line num="61" count="3" type="stmt"/>
      <line num="64" count="4" type="stmt"/>
      <line num="65" count="4" type="stmt"/>
      <line num="66" count="4" type="stmt"/>
      <line num="67" count="12" type="cond" truecount="2" falsecount="0"/>
      <line num="68" count="4" type="stmt"/>
      <line num="69" count="4" type="stmt"/>
      <line num="72" count="4" type="stmt"/>
      <line num="81" count="6" type="cond" truecount="5" falsecount="0"/>
      <line num="82" count="3" type="stmt"/>
      <line num="85" count="3" type="stmt"/>
      <line num="86" count="3" type="stmt"/>
      <line num="87" count="21" type="cond" truecount="2" falsecount="0"/>
      <line num="88" count="9" type="stmt"/>
      <line num="91" count="3" type="stmt"/>
      <line num="100" count="6" type="cond" truecount="5" falsecount="0"/>
      <line num="101" count="3" type="stmt"/>
      <line num="104" count="3" type="stmt"/>
      <line num="105" count="3" type="stmt"/>
      <line num="106" count="13" type="stmt"/>
      <line num="108" count="3" type="stmt"/>
      <line num="116" count="6" type="cond" truecount="5" falsecount="0"/>
      <line num="117" count="3" type="stmt"/>
      <line num="120" count="3" type="stmt"/>
      <line num="121" count="3" type="stmt"/>
      <line num="122" count="23" type="cond" truecount="2" falsecount="0"/>
      <line num="123" count="14" type="stmt"/>
      <line num="126" count="3" type="stmt"/>
      <line num="135" count="6" type="cond" truecount="5" falsecount="0"/>
      <line num="136" count="3" type="stmt"/>
      <line num="139" count="3" type="stmt"/>
      <line num="140" count="3" type="stmt"/>
      <line num="141" count="13" type="stmt"/>
      <line num="143" count="3" type="stmt"/>
      <line num="144" count="3" type="stmt"/>
      <line num="153" count="7" type="cond" truecount="5" falsecount="0"/>
      <line num="154" count="3" type="stmt"/>
      <line num="157" count="4" type="stmt"/>
      <line num="158" count="4" type="stmt"/>
      <line num="159" count="28" type="stmt"/>
      <line num="160" count="196" type="cond" truecount="2" falsecount="0"/>
      <line num="161" count="26" type="stmt"/>
      <line num="162" count="26" type="stmt"/>
      <line num="163" count="26" type="stmt"/>
      <line num="167" count="4" type="stmt"/>
      <line num="170" count="1" type="stmt"/>
      <line num="175" count="6" type="cond" truecount="5" falsecount="0"/>
      <line num="176" count="3" type="stmt"/>
      <line num="179" count="3" type="stmt"/>
      <line num="180" count="18" type="stmt"/>
      <line num="181" count="18" type="stmt"/>
      <line num="182" count="63" type="cond" truecount="2" falsecount="0"/>
      <line num="183" count="17" type="stmt"/>
      <line num="186" count="18" type="stmt"/>
      <line num="187" count="18" type="stmt"/>
      <line num="188" count="18" type="stmt"/>
      <line num="190" count="3" type="stmt"/>
      <line num="197" count="6" type="cond" truecount="5" falsecount="0"/>
      <line num="198" count="3" type="stmt"/>
      <line num="201" count="3" type="stmt"/>
      <line num="202" count="18" type="stmt"/>
      <line num="203" count="37" type="cond" truecount="2" falsecount="0"/>
      <line num="204" count="20" type="stmt"/>
      <line num="205" count="20" type="stmt"/>
      <line num="206" count="20" type="stmt"/>
      <line num="208" count="17" type="stmt"/>
      <line num="212" count="3" type="stmt"/>
      <line num="218" count="1" type="stmt"/>
    </file>
    <file name="conditional.js" path="D:\GitHub\GitHubProjects\kirhw\7hw\test\conditional.js">
      <metrics statements="49" coveredstatements="48" conditionals="94" coveredconditionals="92" methods="5" coveredmethods="5"/>
      <line num="6" count="8" type="cond" truecount="6" falsecount="0"/>
      <line num="7" count="6" type="stmt"/>
      <line num="10" count="2" type="cond" truecount="2" falsecount="0"/>
      <line num="11" count="2" type="stmt"/>
      <line num="22" count="14" type="cond" truecount="6" falsecount="0"/>
      <line num="23" count="6" type="stmt"/>
      <line num="26" count="8" type="cond" truecount="4" falsecount="0"/>
      <line num="27" count="1" type="stmt"/>
      <line num="28" count="7" type="cond" truecount="4" falsecount="0"/>
      <line num="29" count="1" type="stmt"/>
      <line num="30" count="6" type="cond" truecount="4" falsecount="0"/>
      <line num="31" count="1" type="stmt"/>
      <line num="32" count="5" type="cond" truecount="4" falsecount="0"/>
      <line num="33" count="1" type="stmt"/>
      <line num="34" count="4" type="cond" truecount="3" falsecount="1"/>
      <line num="35" count="0" type="stmt"/>
      <line num="36" count="4" type="cond" truecount="4" falsecount="0"/>
      <line num="37" count="2" type="cond" truecount="2" falsecount="0"/>
      <line num="38" count="2" type="cond" truecount="3" falsecount="1"/>
      <line num="39" count="2" type="cond" truecount="2" falsecount="0"/>
      <line num="41" count="4" type="stmt"/>
      <line num="50" count="12" type="cond" truecount="8" falsecount="0"/>
      <line num="52" count="7" type="stmt"/>
      <line num="55" count="5" type="stmt"/>
      <line num="56" count="5" type="stmt"/>
      <line num="57" count="5" type="stmt"/>
      <line num="58" count="15" type="cond" truecount="2" falsecount="0"/>
      <line num="59" count="9" type="stmt"/>
      <line num="62" count="5" type="stmt"/>
      <line num="71" count="10" type="cond" truecount="8" falsecount="0"/>
      <line num="73" count="7" type="stmt"/>
      <line num="76" count="3" type="cond" truecount="2" falsecount="0"/>
      <line num="77" count="3" type="stmt"/>
      <line num="87" count="12" type="cond" truecount="4" falsecount="0"/>
      <line num="88" count="4" type="stmt"/>
      <line num="91" count="8" type="cond" truecount="4" falsecount="0"/>
      <line num="92" count="1" type="stmt"/>
      <line num="93" count="7" type="cond" truecount="4" falsecount="0"/>
      <line num="94" count="1" type="stmt"/>
      <line num="95" count="6" type="cond" truecount="4" falsecount="0"/>
      <line num="96" count="1" type="stmt"/>
      <line num="97" count="5" type="cond" truecount="4" falsecount="0"/>
      <line num="98" count="1" type="stmt"/>
      <line num="99" count="4" type="cond" truecount="4" falsecount="0"/>
      <line num="100" count="1" type="stmt"/>
      <line num="101" count="3" type="cond" truecount="4" falsecount="0"/>
      <line num="102" count="1" type="stmt"/>
      <line num="104" count="2" type="stmt"/>
      <line num="108" count="1" type="stmt"/>
    </file>
    <file name="cycles.js" path="D:\GitHub\GitHubProjects\kirhw\7hw\test\cycles.js">
      <metrics statements="52" coveredstatements="46" conditionals="28" coveredconditionals="24" methods="7" coveredmethods="6"/>
      <line num="5" count="1" type="stmt"/>
      <line num="6" count="1" type="stmt"/>
      <line num="7" count="1" type="stmt"/>
      <line num="8" count="99" type="cond" truecount="2" falsecount="0"/>
      <line num="9" count="50" type="stmt"/>
      <line num="10" count="50" type="stmt"/>
      <line num="13" count="1" type="stmt"/>
      <line num="21" count="5" type="cond" truecount="4" falsecount="0"/>
      <line num="22" count="2" type="stmt"/>
      <line num="25" count="3" type="stmt"/>
      <line num="26" count="6" type="cond" truecount="2" falsecount="0"/>
      <line num="27" count="1" type="stmt"/>
      <line num="30" count="2" type="stmt"/>
      <line num="38" count="4" type="cond" truecount="4" falsecount="0"/>
      <line num="39" count="2" type="stmt"/>
      <line num="42" count="2" type="stmt"/>
      <line num="43" count="99" type="cond" truecount="2" falsecount="0"/>
      <line num="44" count="1" type="stmt"/>
      <line num="45" count="1" type="stmt"/>
      <line num="48" count="1" type="stmt"/>
      <line num="56" count="4" type="cond" truecount="4" falsecount="0"/>
      <line num="57" count="2" type="stmt"/>
      <line num="60" count="2" type="stmt"/>
      <line num="61" count="2" type="stmt"/>
      <line num="62" count="2" type="stmt"/>
      <line num="63" count="2" type="stmt"/>
      <line num="64" count="14" type="stmt"/>
      <line num="65" count="14" type="cond" truecount="2" falsecount="0"/>
      <line num="66" count="6" type="stmt"/>
      <line num="68" count="8" type="stmt"/>
      <line num="71" count="2" type="stmt"/>
      <line num="80" count="0" type="cond" truecount="0" falsecount="4"/>
      <line num="81" count="0" type="stmt"/>
      <line num="84" count="0" type="stmt"/>
      <line num="85" count="0" type="stmt"/>
      <line num="86" count="0" type="stmt"/>
      <line num="88" count="0" type="stmt"/>
      <line num="96" count="3" type="cond" truecount="2" falsecount="0"/>
      <line num="97" count="1" type="stmt"/>
      <line num="100" count="2" type="stmt"/>
      <line num="101" count="2" type="stmt"/>
      <line num="102" count="2" type="stmt"/>
      <line num="103" count="6" type="stmt"/>
      <line num="105" count="2" type="stmt"/>
      <line num="113" count="3" type="cond" truecount="2" falsecount="0"/>
      <line num="114" count="1" type="stmt"/>
      <line num="117" count="2" type="stmt"/>
      <line num="118" count="2" type="stmt"/>
      <line num="119" count="2" type="stmt"/>
      <line num="120" count="8" type="stmt"/>
      <line num="122" count="2" type="stmt"/>
      <line num="126" count="1" type="stmt"/>
    </file>
  </project>
</coverage>
