{"D:\\GitHub\\GitHubProjects\\kirhw\\7hw\\functions.js": {"path":"D:\\GitHub\\GitHubProjects\\kirhw\\7hw\\functions.js","statementMap":{"0":{"start":{"line":4,"column":4},"end":{"line":6,"column":5}},"1":{"start":{"line":5,"column":8},"end":{"line":5,"column":23}},"2":{"start":{"line":8,"column":18},"end":{"line":9,"column":48}},"3":{"start":{"line":10,"column":4},"end":{"line":10,"column":28}},"4":{"start":{"line":18,"column":4},"end":{"line":21,"column":5}},"5":{"start":{"line":20,"column":8},"end":{"line":20,"column":23}},"6":{"start":{"line":23,"column":17},"end":{"line":23,"column":55}},"7":{"start":{"line":24,"column":4},"end":{"line":24,"column":18}},"8":{"start":{"line":31,"column":18},"end":{"line":31,"column":128}},"9":{"start":{"line":32,"column":16},"end":{"line":32,"column":125}},"10":{"start":{"line":33,"column":15},"end":{"line":34,"column":135}},"11":{"start":{"line":38,"column":4},"end":{"line":40,"column":5}},"12":{"start":{"line":39,"column":8},"end":{"line":39,"column":23}},"13":{"start":{"line":42,"column":4},"end":{"line":42,"column":17}},"14":{"start":{"line":43,"column":4},"end":{"line":43,"column":22}},"15":{"start":{"line":45,"column":4},"end":{"line":48,"column":5}},"16":{"start":{"line":46,"column":8},"end":{"line":46,"column":32}},"17":{"start":{"line":47,"column":8},"end":{"line":47,"column":23}},"18":{"start":{"line":49,"column":4},"end":{"line":53,"column":5}},"19":{"start":{"line":50,"column":8},"end":{"line":50,"column":40}},"20":{"start":{"line":51,"column":8},"end":{"line":51,"column":69}},"21":{"start":{"line":52,"column":8},"end":{"line":52,"column":23}},"22":{"start":{"line":54,"column":4},"end":{"line":63,"column":5}},"23":{"start":{"line":55,"column":8},"end":{"line":55,"column":42}},"24":{"start":{"line":56,"column":8},"end":{"line":61,"column":9}},"25":{"start":{"line":57,"column":12},"end":{"line":57,"column":49}},"26":{"start":{"line":59,"column":12},"end":{"line":59,"column":78}},"27":{"start":{"line":60,"column":12},"end":{"line":60,"column":73}},"28":{"start":{"line":62,"column":8},"end":{"line":62,"column":23}},"29":{"start":{"line":70,"column":17},"end":{"line":74,"column":101}},"30":{"start":{"line":77,"column":4},"end":{"line":79,"column":5}},"31":{"start":{"line":78,"column":8},"end":{"line":78,"column":23}},"32":{"start":{"line":81,"column":4},"end":{"line":81,"column":37}},"33":{"start":{"line":82,"column":14},"end":{"line":82,"column":15}},"34":{"start":{"line":83,"column":12},"end":{"line":83,"column":14}},"35":{"start":{"line":84,"column":4},"end":{"line":91,"column":5}},"36":{"start":{"line":84,"column":17},"end":{"line":84,"column":18}},"37":{"start":{"line":85,"column":8},"end":{"line":90,"column":9}},"38":{"start":{"line":86,"column":12},"end":{"line":86,"column":27}},"39":{"start":{"line":88,"column":12},"end":{"line":88,"column":73}},"40":{"start":{"line":89,"column":12},"end":{"line":89,"column":19}},"41":{"start":{"line":92,"column":4},"end":{"line":92,"column":15}},"42":{"start":{"line":96,"column":4},"end":{"line":100,"column":5}},"43":{"start":{"line":97,"column":8},"end":{"line":99,"column":9}},"44":{"start":{"line":98,"column":12},"end":{"line":98,"column":35}},"45":{"start":{"line":101,"column":4},"end":{"line":101,"column":19}},"46":{"start":{"line":103,"column":0},"end":{"line":103,"column":42}},"47":{"start":{"line":106,"column":0},"end":{"line":106,"column":57}}},"fnMap":{"0":{"name":"dayName","decl":{"start":{"line":3,"column":9},"end":{"line":3,"column":16}},"loc":{"start":{"line":3,"column":22},"end":{"line":11,"column":1}},"line":3},"1":{"name":"distance","decl":{"start":{"line":17,"column":9},"end":{"line":17,"column":17}},"loc":{"start":{"line":17,"column":33},"end":{"line":25,"column":1}},"line":17},"2":{"name":"callName","decl":{"start":{"line":37,"column":9},"end":{"line":37,"column":17}},"loc":{"start":{"line":37,"column":23},"end":{"line":64,"column":1}},"line":37},"3":{"name":"callNumb","decl":{"start":{"line":76,"column":9},"end":{"line":76,"column":17}},"loc":{"start":{"line":76,"column":23},"end":{"line":93,"column":1}},"line":76},"4":{"name":"searcher","decl":{"start":{"line":95,"column":9},"end":{"line":95,"column":17}},"loc":{"start":{"line":95,"column":21},"end":{"line":102,"column":1}},"line":95}},"branchMap":{"0":{"loc":{"start":{"line":4,"column":4},"end":{"line":6,"column":5}},"type":"if","locations":[{"start":{"line":4,"column":4},"end":{"line":6,"column":5}},{"start":{"line":4,"column":4},"end":{"line":6,"column":5}}],"line":4},"1":{"loc":{"start":{"line":4,"column":8},"end":{"line":4,"column":74}},"type":"binary-expr","locations":[{"start":{"line":4,"column":8},"end":{"line":4,"column":25}},{"start":{"line":4,"column":29},"end":{"line":4,"column":36}},{"start":{"line":4,"column":40},"end":{"line":4,"column":47}},{"start":{"line":4,"column":51},"end":{"line":4,"column":74}}],"line":4},"2":{"loc":{"start":{"line":18,"column":4},"end":{"line":21,"column":5}},"type":"if","locations":[{"start":{"line":18,"column":4},"end":{"line":21,"column":5}},{"start":{"line":18,"column":4},"end":{"line":21,"column":5}}],"line":18},"3":{"loc":{"start":{"line":18,"column":8},"end":{"line":19,"column":108}},"type":"binary-expr","locations":[{"start":{"line":18,"column":8},"end":{"line":18,"column":24}},{"start":{"line":18,"column":28},"end":{"line":18,"column":44}},{"start":{"line":18,"column":48},"end":{"line":18,"column":64}},{"start":{"line":18,"column":68},"end":{"line":18,"column":84}},{"start":{"line":19,"column":8},"end":{"line":19,"column":30}},{"start":{"line":19,"column":34},"end":{"line":19,"column":56}},{"start":{"line":19,"column":60},"end":{"line":19,"column":82}},{"start":{"line":19,"column":86},"end":{"line":19,"column":108}}],"line":18},"4":{"loc":{"start":{"line":38,"column":4},"end":{"line":40,"column":5}},"type":"if","locations":[{"start":{"line":38,"column":4},"end":{"line":40,"column":5}},{"start":{"line":38,"column":4},"end":{"line":40,"column":5}}],"line":38},"5":{"loc":{"start":{"line":38,"column":8},"end":{"line":38,"column":76}},"type":"binary-expr","locations":[{"start":{"line":38,"column":8},"end":{"line":38,"column":25}},{"start":{"line":38,"column":29},"end":{"line":38,"column":36}},{"start":{"line":38,"column":40},"end":{"line":38,"column":49}},{"start":{"line":38,"column":53},"end":{"line":38,"column":76}}],"line":38},"6":{"loc":{"start":{"line":45,"column":4},"end":{"line":48,"column":5}},"type":"if","locations":[{"start":{"line":45,"column":4},"end":{"line":48,"column":5}},{"start":{"line":45,"column":4},"end":{"line":48,"column":5}}],"line":45},"7":{"loc":{"start":{"line":49,"column":4},"end":{"line":53,"column":5}},"type":"if","locations":[{"start":{"line":49,"column":4},"end":{"line":53,"column":5}},{"start":{"line":49,"column":4},"end":{"line":53,"column":5}}],"line":49},"8":{"loc":{"start":{"line":49,"column":8},"end":{"line":49,"column":29}},"type":"binary-expr","locations":[{"start":{"line":49,"column":8},"end":{"line":49,"column":16}},{"start":{"line":49,"column":20},"end":{"line":49,"column":29}}],"line":49},"9":{"loc":{"start":{"line":51,"column":8},"end":{"line":51,"column":68}},"type":"cond-expr","locations":[{"start":{"line":51,"column":25},"end":{"line":51,"column":52}},{"start":{"line":51,"column":55},"end":{"line":51,"column":68}}],"line":51},"10":{"loc":{"start":{"line":54,"column":4},"end":{"line":63,"column":5}},"type":"if","locations":[{"start":{"line":54,"column":4},"end":{"line":63,"column":5}},{"start":{"line":54,"column":4},"end":{"line":63,"column":5}}],"line":54},"11":{"loc":{"start":{"line":56,"column":8},"end":{"line":61,"column":9}},"type":"if","locations":[{"start":{"line":56,"column":8},"end":{"line":61,"column":9}},{"start":{"line":56,"column":8},"end":{"line":61,"column":9}}],"line":56},"12":{"loc":{"start":{"line":59,"column":12},"end":{"line":59,"column":77}},"type":"cond-expr","locations":[{"start":{"line":59,"column":29},"end":{"line":59,"column":61}},{"start":{"line":59,"column":64},"end":{"line":59,"column":77}}],"line":59},"13":{"loc":{"start":{"line":60,"column":12},"end":{"line":60,"column":72}},"type":"cond-expr","locations":[{"start":{"line":60,"column":29},"end":{"line":60,"column":56}},{"start":{"line":60,"column":59},"end":{"line":60,"column":72}}],"line":60},"14":{"loc":{"start":{"line":77,"column":4},"end":{"line":79,"column":5}},"type":"if","locations":[{"start":{"line":77,"column":4},"end":{"line":79,"column":5}},{"start":{"line":77,"column":4},"end":{"line":79,"column":5}}],"line":77},"15":{"loc":{"start":{"line":77,"column":8},"end":{"line":77,"column":52}},"type":"binary-expr","locations":[{"start":{"line":77,"column":8},"end":{"line":77,"column":25}},{"start":{"line":77,"column":29},"end":{"line":77,"column":52}}],"line":77},"16":{"loc":{"start":{"line":85,"column":8},"end":{"line":90,"column":9}},"type":"if","locations":[{"start":{"line":85,"column":8},"end":{"line":90,"column":9}},{"start":{"line":85,"column":8},"end":{"line":90,"column":9}}],"line":85},"17":{"loc":{"start":{"line":85,"column":12},"end":{"line":85,"column":48}},"type":"binary-expr","locations":[{"start":{"line":85,"column":12},"end":{"line":85,"column":29}},{"start":{"line":85,"column":33},"end":{"line":85,"column":48}}],"line":85},"18":{"loc":{"start":{"line":88,"column":12},"end":{"line":88,"column":72}},"type":"cond-expr","locations":[{"start":{"line":88,"column":38},"end":{"line":88,"column":56}},{"start":{"line":88,"column":59},"end":{"line":88,"column":72}}],"line":88},"19":{"loc":{"start":{"line":97,"column":8},"end":{"line":99,"column":9}},"type":"if","locations":[{"start":{"line":97,"column":8},"end":{"line":99,"column":9}},{"start":{"line":97,"column":8},"end":{"line":99,"column":9}}],"line":97}},"s":{"0":8,"1":4,"2":4,"3":4,"4":13,"5":9,"6":4,"7":4,"8":1,"9":1,"10":1,"11":12,"12":4,"13":8,"14":8,"15":8,"16":2,"17":2,"18":6,"19":2,"20":2,"21":2,"22":4,"23":4,"24":4,"25":1,"26":3,"27":3,"28":4,"29":1,"30":13,"31":2,"32":11,"33":11,"34":11,"35":11,"36":11,"37":149,"38":124,"39":25,"40":25,"41":11,"42":43,"43":871,"44":36,"45":7,"46":1,"47":1},"f":{"0":8,"1":13,"2":12,"3":13,"4":43},"b":{"0":[4,4],"1":[8,7,6,5],"2":[9,4],"3":[13,11,10,9,8,7,6,5],"4":[4,8],"5":[12,11,10,9],"6":[2,6],"7":[2,4],"8":[6,6],"9":[1,1],"10":[4,0],"11":[1,3],"12":[1,2],"13":[2,1],"14":[2,11],"15":[13,12],"16":[124,25],"17":[149,128],"18":[18,7],"19":[36,835]},"_coverageSchema":"1a1c01bbd47fc00a2c39e90264f33305004495a9","hash":"616520c02e9b0412d0ca427f5fe645d32d09782c"}
}
