{"D:\\GitHub\\GitHubProjects\\kirhw\\7hw\\test\\arrays.js": {"path":"D:\\GitHub\\GitHubProjects\\kirhw\\7hw\\test\\arrays.js","statementMap":{"0":{"start":{"line":4,"column":4},"end":{"line":6,"column":5}},"1":{"start":{"line":5,"column":8},"end":{"line":5,"column":22}},"2":{"start":{"line":8,"column":4},"end":{"line":8,"column":19}},"3":{"start":{"line":9,"column":4},"end":{"line":13,"column":5}},"4":{"start":{"line":10,"column":8},"end":{"line":12,"column":9}},"5":{"start":{"line":11,"column":12},"end":{"line":11,"column":27}},"6":{"start":{"line":14,"column":4},"end":{"line":14,"column":17}},"7":{"start":{"line":22,"column":4},"end":{"line":24,"column":5}},"8":{"start":{"line":23,"column":8},"end":{"line":23,"column":22}},"9":{"start":{"line":26,"column":4},"end":{"line":26,"column":19}},"10":{"start":{"line":27,"column":4},"end":{"line":31,"column":5}},"11":{"start":{"line":28,"column":8},"end":{"line":30,"column":9}},"12":{"start":{"line":29,"column":12},"end":{"line":29,"column":27}},"13":{"start":{"line":32,"column":4},"end":{"line":32,"column":17}},"14":{"start":{"line":40,"column":4},"end":{"line":42,"column":5}},"15":{"start":{"line":41,"column":8},"end":{"line":41,"column":22}},"16":{"start":{"line":44,"column":4},"end":{"line":44,"column":19}},"17":{"start":{"line":45,"column":4},"end":{"line":45,"column":14}},"18":{"start":{"line":46,"column":4},"end":{"line":51,"column":5}},"19":{"start":{"line":47,"column":8},"end":{"line":50,"column":9}},"20":{"start":{"line":48,"column":12},"end":{"line":48,"column":27}},"21":{"start":{"line":49,"column":12},"end":{"line":49,"column":22}},"22":{"start":{"line":52,"column":4},"end":{"line":52,"column":17}},"23":{"start":{"line":60,"column":4},"end":{"line":62,"column":5}},"24":{"start":{"line":61,"column":8},"end":{"line":61,"column":22}},"25":{"start":{"line":64,"column":4},"end":{"line":64,"column":19}},"26":{"start":{"line":65,"column":4},"end":{"line":65,"column":14}},"27":{"start":{"line":66,"column":4},"end":{"line":71,"column":5}},"28":{"start":{"line":67,"column":8},"end":{"line":70,"column":9}},"29":{"start":{"line":68,"column":12},"end":{"line":68,"column":27}},"30":{"start":{"line":69,"column":12},"end":{"line":69,"column":22}},"31":{"start":{"line":72,"column":4},"end":{"line":72,"column":17}},"32":{"start":{"line":81,"column":4},"end":{"line":83,"column":5}},"33":{"start":{"line":82,"column":8},"end":{"line":82,"column":22}},"34":{"start":{"line":85,"column":4},"end":{"line":85,"column":15}},"35":{"start":{"line":86,"column":4},"end":{"line":90,"column":5}},"36":{"start":{"line":86,"column":16},"end":{"line":86,"column":17}},"37":{"start":{"line":87,"column":8},"end":{"line":89,"column":9}},"38":{"start":{"line":88,"column":12},"end":{"line":88,"column":29}},"39":{"start":{"line":91,"column":4},"end":{"line":91,"column":18}},"40":{"start":{"line":100,"column":4},"end":{"line":102,"column":5}},"41":{"start":{"line":101,"column":8},"end":{"line":101,"column":22}},"42":{"start":{"line":104,"column":17},"end":{"line":104,"column":19}},"43":{"start":{"line":105,"column":4},"end":{"line":107,"column":5}},"44":{"start":{"line":105,"column":16},"end":{"line":105,"column":30}},"45":{"start":{"line":106,"column":8},"end":{"line":106,"column":28}},"46":{"start":{"line":108,"column":4},"end":{"line":108,"column":18}},"47":{"start":{"line":116,"column":4},"end":{"line":118,"column":5}},"48":{"start":{"line":117,"column":8},"end":{"line":117,"column":22}},"49":{"start":{"line":120,"column":14},"end":{"line":120,"column":15}},"50":{"start":{"line":121,"column":4},"end":{"line":125,"column":5}},"51":{"start":{"line":121,"column":16},"end":{"line":121,"column":17}},"52":{"start":{"line":122,"column":8},"end":{"line":124,"column":9}},"53":{"start":{"line":123,"column":12},"end":{"line":123,"column":18}},"54":{"start":{"line":126,"column":4},"end":{"line":126,"column":31}},"55":{"start":{"line":135,"column":4},"end":{"line":137,"column":5}},"56":{"start":{"line":136,"column":8},"end":{"line":136,"column":22}},"57":{"start":{"line":139,"column":21},"end":{"line":139,"column":47}},"58":{"start":{"line":140,"column":4},"end":{"line":142,"column":5}},"59":{"start":{"line":140,"column":17},"end":{"line":140,"column":18}},"60":{"start":{"line":141,"column":8},"end":{"line":141,"column":25}},"61":{"start":{"line":143,"column":4},"end":{"line":143,"column":30}},"62":{"start":{"line":144,"column":4},"end":{"line":144,"column":15}},"63":{"start":{"line":153,"column":4},"end":{"line":155,"column":5}},"64":{"start":{"line":154,"column":8},"end":{"line":154,"column":22}},"65":{"start":{"line":157,"column":14},"end":{"line":157,"column":24}},"66":{"start":{"line":158,"column":4},"end":{"line":166,"column":5}},"67":{"start":{"line":158,"column":17},"end":{"line":158,"column":18}},"68":{"start":{"line":159,"column":8},"end":{"line":165,"column":9}},"69":{"start":{"line":159,"column":21},"end":{"line":159,"column":22}},"70":{"start":{"line":160,"column":12},"end":{"line":164,"column":13}},"71":{"start":{"line":161,"column":26},"end":{"line":161,"column":32}},"72":{"start":{"line":162,"column":16},"end":{"line":162,"column":36}},"73":{"start":{"line":163,"column":16},"end":{"line":163,"column":33}},"74":{"start":{"line":167,"column":4},"end":{"line":167,"column":15}},"75":{"start":{"line":170,"column":0},"end":{"line":170,"column":50}},"76":{"start":{"line":175,"column":4},"end":{"line":177,"column":5}},"77":{"start":{"line":176,"column":8},"end":{"line":176,"column":22}},"78":{"start":{"line":179,"column":4},"end":{"line":189,"column":5}},"79":{"start":{"line":179,"column":16},"end":{"line":179,"column":17}},"80":{"start":{"line":180,"column":23},"end":{"line":180,"column":24}},"81":{"start":{"line":181,"column":8},"end":{"line":185,"column":9}},"82":{"start":{"line":181,"column":20},"end":{"line":181,"column":25}},"83":{"start":{"line":182,"column":12},"end":{"line":184,"column":13}},"84":{"start":{"line":183,"column":16},"end":{"line":183,"column":29}},"85":{"start":{"line":186,"column":16},"end":{"line":186,"column":22}},"86":{"start":{"line":187,"column":8},"end":{"line":187,"column":31}},"87":{"start":{"line":188,"column":8},"end":{"line":188,"column":26}},"88":{"start":{"line":190,"column":4},"end":{"line":190,"column":15}},"89":{"start":{"line":197,"column":4},"end":{"line":199,"column":5}},"90":{"start":{"line":198,"column":8},"end":{"line":198,"column":22}},"91":{"start":{"line":201,"column":4},"end":{"line":211,"column":5}},"92":{"start":{"line":201,"column":17},"end":{"line":201,"column":18}},"93":{"start":{"line":202,"column":8},"end":{"line":210,"column":9}},"94":{"start":{"line":202,"column":20},"end":{"line":202,"column":21}},"95":{"start":{"line":203,"column":12},"end":{"line":209,"column":13}},"96":{"start":{"line":204,"column":24},"end":{"line":204,"column":30}},"97":{"start":{"line":205,"column":16},"end":{"line":205,"column":34}},"98":{"start":{"line":206,"column":16},"end":{"line":206,"column":29}},"99":{"start":{"line":208,"column":16},"end":{"line":208,"column":22}},"100":{"start":{"line":212,"column":4},"end":{"line":212,"column":15}},"101":{"start":{"line":218,"column":0},"end":{"line":218,"column":160}}},"fnMap":{"0":{"name":"smallestElement","decl":{"start":{"line":3,"column":9},"end":{"line":3,"column":24}},"loc":{"start":{"line":3,"column":30},"end":{"line":15,"column":1}},"line":3},"1":{"name":"largestElement","decl":{"start":{"line":21,"column":9},"end":{"line":21,"column":23}},"loc":{"start":{"line":21,"column":29},"end":{"line":33,"column":1}},"line":21},"2":{"name":"smallestIndex","decl":{"start":{"line":39,"column":9},"end":{"line":39,"column":22}},"loc":{"start":{"line":39,"column":28},"end":{"line":53,"column":1}},"line":39},"3":{"name":"largestIndex","decl":{"start":{"line":59,"column":9},"end":{"line":59,"column":21}},"loc":{"start":{"line":59,"column":27},"end":{"line":73,"column":1}},"line":59},"4":{"name":"oddIndex","decl":{"start":{"line":80,"column":9},"end":{"line":80,"column":17}},"loc":{"start":{"line":80,"column":23},"end":{"line":92,"column":1}},"line":80},"5":{"name":"arrRevers","decl":{"start":{"line":99,"column":9},"end":{"line":99,"column":18}},"loc":{"start":{"line":99,"column":23},"end":{"line":109,"column":1}},"line":99},"6":{"name":"oddNumbers","decl":{"start":{"line":115,"column":9},"end":{"line":115,"column":19}},"loc":{"start":{"line":115,"column":25},"end":{"line":127,"column":1}},"line":115},"7":{"name":"halfRevers","decl":{"start":{"line":134,"column":9},"end":{"line":134,"column":19}},"loc":{"start":{"line":134,"column":25},"end":{"line":145,"column":1}},"line":134},"8":{"name":"bubbleSort","decl":{"start":{"line":152,"column":9},"end":{"line":152,"column":19}},"loc":{"start":{"line":152,"column":26},"end":{"line":168,"column":1}},"line":152},"9":{"name":"selectSort","decl":{"start":{"line":174,"column":9},"end":{"line":174,"column":19}},"loc":{"start":{"line":174,"column":25},"end":{"line":191,"column":1}},"line":174},"10":{"name":"insertSort","decl":{"start":{"line":196,"column":9},"end":{"line":196,"column":19}},"loc":{"start":{"line":196,"column":25},"end":{"line":213,"column":1}},"line":196}},"branchMap":{"0":{"loc":{"start":{"line":4,"column":4},"end":{"line":6,"column":5}},"type":"if","locations":[{"start":{"line":4,"column":4},"end":{"line":6,"column":5}},{"start":{"line":4,"column":4},"end":{"line":6,"column":5}}],"line":4},"1":{"loc":{"start":{"line":4,"column":8},"end":{"line":4,"column":77}},"type":"binary-expr","locations":[{"start":{"line":4,"column":8},"end":{"line":4,"column":25}},{"start":{"line":4,"column":29},"end":{"line":4,"column":45}},{"start":{"line":4,"column":49},"end":{"line":4,"column":77}}],"line":4},"2":{"loc":{"start":{"line":10,"column":8},"end":{"line":12,"column":9}},"type":"if","locations":[{"start":{"line":10,"column":8},"end":{"line":12,"column":9}},{"start":{"line":10,"column":8},"end":{"line":12,"column":9}}],"line":10},"3":{"loc":{"start":{"line":22,"column":4},"end":{"line":24,"column":5}},"type":"if","locations":[{"start":{"line":22,"column":4},"end":{"line":24,"column":5}},{"start":{"line":22,"column":4},"end":{"line":24,"column":5}}],"line":22},"4":{"loc":{"start":{"line":22,"column":8},"end":{"line":22,"column":77}},"type":"binary-expr","locations":[{"start":{"line":22,"column":8},"end":{"line":22,"column":25}},{"start":{"line":22,"column":29},"end":{"line":22,"column":45}},{"start":{"line":22,"column":49},"end":{"line":22,"column":77}}],"line":22},"5":{"loc":{"start":{"line":28,"column":8},"end":{"line":30,"column":9}},"type":"if","locations":[{"start":{"line":28,"column":8},"end":{"line":30,"column":9}},{"start":{"line":28,"column":8},"end":{"line":30,"column":9}}],"line":28},"6":{"loc":{"start":{"line":40,"column":4},"end":{"line":42,"column":5}},"type":"if","locations":[{"start":{"line":40,"column":4},"end":{"line":42,"column":5}},{"start":{"line":40,"column":4},"end":{"line":42,"column":5}}],"line":40},"7":{"loc":{"start":{"line":40,"column":8},"end":{"line":40,"column":77}},"type":"binary-expr","locations":[{"start":{"line":40,"column":8},"end":{"line":40,"column":25}},{"start":{"line":40,"column":29},"end":{"line":40,"column":45}},{"start":{"line":40,"column":49},"end":{"line":40,"column":77}}],"line":40},"8":{"loc":{"start":{"line":47,"column":8},"end":{"line":50,"column":9}},"type":"if","locations":[{"start":{"line":47,"column":8},"end":{"line":50,"column":9}},{"start":{"line":47,"column":8},"end":{"line":50,"column":9}}],"line":47},"9":{"loc":{"start":{"line":60,"column":4},"end":{"line":62,"column":5}},"type":"if","locations":[{"start":{"line":60,"column":4},"end":{"line":62,"column":5}},{"start":{"line":60,"column":4},"end":{"line":62,"column":5}}],"line":60},"10":{"loc":{"start":{"line":60,"column":8},"end":{"line":60,"column":77}},"type":"binary-expr","locations":[{"start":{"line":60,"column":8},"end":{"line":60,"column":25}},{"start":{"line":60,"column":29},"end":{"line":60,"column":45}},{"start":{"line":60,"column":49},"end":{"line":60,"column":77}}],"line":60},"11":{"loc":{"start":{"line":67,"column":8},"end":{"line":70,"column":9}},"type":"if","locations":[{"start":{"line":67,"column":8},"end":{"line":70,"column":9}},{"start":{"line":67,"column":8},"end":{"line":70,"column":9}}],"line":67},"12":{"loc":{"start":{"line":81,"column":4},"end":{"line":83,"column":5}},"type":"if","locations":[{"start":{"line":81,"column":4},"end":{"line":83,"column":5}},{"start":{"line":81,"column":4},"end":{"line":83,"column":5}}],"line":81},"13":{"loc":{"start":{"line":81,"column":8},"end":{"line":81,"column":77}},"type":"binary-expr","locations":[{"start":{"line":81,"column":8},"end":{"line":81,"column":25}},{"start":{"line":81,"column":29},"end":{"line":81,"column":45}},{"start":{"line":81,"column":49},"end":{"line":81,"column":77}}],"line":81},"14":{"loc":{"start":{"line":87,"column":8},"end":{"line":89,"column":9}},"type":"if","locations":[{"start":{"line":87,"column":8},"end":{"line":89,"column":9}},{"start":{"line":87,"column":8},"end":{"line":89,"column":9}}],"line":87},"15":{"loc":{"start":{"line":100,"column":4},"end":{"line":102,"column":5}},"type":"if","locations":[{"start":{"line":100,"column":4},"end":{"line":102,"column":5}},{"start":{"line":100,"column":4},"end":{"line":102,"column":5}}],"line":100},"16":{"loc":{"start":{"line":100,"column":8},"end":{"line":100,"column":77}},"type":"binary-expr","locations":[{"start":{"line":100,"column":8},"end":{"line":100,"column":25}},{"start":{"line":100,"column":29},"end":{"line":100,"column":45}},{"start":{"line":100,"column":49},"end":{"line":100,"column":77}}],"line":100},"17":{"loc":{"start":{"line":116,"column":4},"end":{"line":118,"column":5}},"type":"if","locations":[{"start":{"line":116,"column":4},"end":{"line":118,"column":5}},{"start":{"line":116,"column":4},"end":{"line":118,"column":5}}],"line":116},"18":{"loc":{"start":{"line":116,"column":8},"end":{"line":116,"column":77}},"type":"binary-expr","locations":[{"start":{"line":116,"column":8},"end":{"line":116,"column":25}},{"start":{"line":116,"column":29},"end":{"line":116,"column":45}},{"start":{"line":116,"column":49},"end":{"line":116,"column":77}}],"line":116},"19":{"loc":{"start":{"line":122,"column":8},"end":{"line":124,"column":9}},"type":"if","locations":[{"start":{"line":122,"column":8},"end":{"line":124,"column":9}},{"start":{"line":122,"column":8},"end":{"line":124,"column":9}}],"line":122},"20":{"loc":{"start":{"line":135,"column":4},"end":{"line":137,"column":5}},"type":"if","locations":[{"start":{"line":135,"column":4},"end":{"line":137,"column":5}},{"start":{"line":135,"column":4},"end":{"line":137,"column":5}}],"line":135},"21":{"loc":{"start":{"line":135,"column":8},"end":{"line":135,"column":77}},"type":"binary-expr","locations":[{"start":{"line":135,"column":8},"end":{"line":135,"column":25}},{"start":{"line":135,"column":29},"end":{"line":135,"column":45}},{"start":{"line":135,"column":49},"end":{"line":135,"column":77}}],"line":135},"22":{"loc":{"start":{"line":153,"column":4},"end":{"line":155,"column":5}},"type":"if","locations":[{"start":{"line":153,"column":4},"end":{"line":155,"column":5}},{"start":{"line":153,"column":4},"end":{"line":155,"column":5}}],"line":153},"23":{"loc":{"start":{"line":153,"column":8},"end":{"line":153,"column":77}},"type":"binary-expr","locations":[{"start":{"line":153,"column":8},"end":{"line":153,"column":25}},{"start":{"line":153,"column":29},"end":{"line":153,"column":45}},{"start":{"line":153,"column":49},"end":{"line":153,"column":77}}],"line":153},"24":{"loc":{"start":{"line":160,"column":12},"end":{"line":164,"column":13}},"type":"if","locations":[{"start":{"line":160,"column":12},"end":{"line":164,"column":13}},{"start":{"line":160,"column":12},"end":{"line":164,"column":13}}],"line":160},"25":{"loc":{"start":{"line":175,"column":4},"end":{"line":177,"column":5}},"type":"if","locations":[{"start":{"line":175,"column":4},"end":{"line":177,"column":5}},{"start":{"line":175,"column":4},"end":{"line":177,"column":5}}],"line":175},"26":{"loc":{"start":{"line":175,"column":8},"end":{"line":175,"column":77}},"type":"binary-expr","locations":[{"start":{"line":175,"column":8},"end":{"line":175,"column":25}},{"start":{"line":175,"column":29},"end":{"line":175,"column":45}},{"start":{"line":175,"column":49},"end":{"line":175,"column":77}}],"line":175},"27":{"loc":{"start":{"line":182,"column":12},"end":{"line":184,"column":13}},"type":"if","locations":[{"start":{"line":182,"column":12},"end":{"line":184,"column":13}},{"start":{"line":182,"column":12},"end":{"line":184,"column":13}}],"line":182},"28":{"loc":{"start":{"line":197,"column":4},"end":{"line":199,"column":5}},"type":"if","locations":[{"start":{"line":197,"column":4},"end":{"line":199,"column":5}},{"start":{"line":197,"column":4},"end":{"line":199,"column":5}}],"line":197},"29":{"loc":{"start":{"line":197,"column":8},"end":{"line":197,"column":77}},"type":"binary-expr","locations":[{"start":{"line":197,"column":8},"end":{"line":197,"column":25}},{"start":{"line":197,"column":29},"end":{"line":197,"column":45}},{"start":{"line":197,"column":49},"end":{"line":197,"column":77}}],"line":197},"30":{"loc":{"start":{"line":203,"column":12},"end":{"line":209,"column":13}},"type":"if","locations":[{"start":{"line":203,"column":12},"end":{"line":209,"column":13}},{"start":{"line":203,"column":12},"end":{"line":209,"column":13}}],"line":203}},"s":{"0":5,"1":3,"2":2,"3":2,"4":6,"5":2,"6":2,"7":5,"8":3,"9":2,"10":2,"11":6,"12":2,"13":2,"14":5,"15":3,"16":2,"17":2,"18":2,"19":6,"20":3,"21":3,"22":2,"23":7,"24":3,"25":4,"26":4,"27":4,"28":12,"29":4,"30":4,"31":4,"32":6,"33":3,"34":3,"35":3,"36":3,"37":21,"38":9,"39":3,"40":6,"41":3,"42":3,"43":3,"44":3,"45":13,"46":3,"47":6,"48":3,"49":3,"50":3,"51":3,"52":23,"53":14,"54":3,"55":6,"56":3,"57":3,"58":3,"59":3,"60":13,"61":3,"62":3,"63":7,"64":3,"65":4,"66":4,"67":4,"68":28,"69":28,"70":196,"71":26,"72":26,"73":26,"74":4,"75":1,"76":6,"77":3,"78":3,"79":3,"80":18,"81":18,"82":18,"83":63,"84":17,"85":18,"86":18,"87":18,"88":3,"89":6,"90":3,"91":3,"92":3,"93":18,"94":18,"95":37,"96":20,"97":20,"98":20,"99":17,"100":3,"101":1},"f":{"0":5,"1":5,"2":5,"3":7,"4":6,"5":6,"6":6,"7":6,"8":7,"9":6,"10":6},"b":{"0":[3,2],"1":[5,4,3],"2":[2,4],"3":[3,2],"4":[5,4,3],"5":[2,4],"6":[3,2],"7":[5,4,3],"8":[3,3],"9":[3,4],"10":[7,6,5],"11":[4,8],"12":[3,3],"13":[6,5,4],"14":[9,12],"15":[3,3],"16":[6,5,4],"17":[3,3],"18":[6,5,4],"19":[14,9],"20":[3,3],"21":[6,5,4],"22":[3,4],"23":[7,6,5],"24":[26,170],"25":[3,3],"26":[6,5,4],"27":[17,46],"28":[3,3],"29":[6,5,4],"30":[20,17]},"_coverageSchema":"1a1c01bbd47fc00a2c39e90264f33305004495a9","hash":"ef9a3daeecd7f2982aebc509578ca2d28df8e9de"}
,"D:\\GitHub\\GitHubProjects\\kirhw\\7hw\\test\\conditional.js": {"path":"D:\\GitHub\\GitHubProjects\\kirhw\\7hw\\test\\conditional.js","statementMap":{"0":{"start":{"line":6,"column":4},"end":{"line":8,"column":5}},"1":{"start":{"line":7,"column":8},"end":{"line":7,"column":23}},"2":{"start":{"line":10,"column":4},"end":{"line":10,"column":47}},"3":{"start":{"line":11,"column":4},"end":{"line":11,"column":13}},"4":{"start":{"line":22,"column":4},"end":{"line":24,"column":5}},"5":{"start":{"line":23,"column":8},"end":{"line":23,"column":23}},"6":{"start":{"line":26,"column":4},"end":{"line":40,"column":5}},"7":{"start":{"line":27,"column":8},"end":{"line":27,"column":38}},"8":{"start":{"line":28,"column":11},"end":{"line":40,"column":5}},"9":{"start":{"line":29,"column":8},"end":{"line":29,"column":39}},"10":{"start":{"line":30,"column":11},"end":{"line":40,"column":5}},"11":{"start":{"line":31,"column":8},"end":{"line":31,"column":39}},"12":{"start":{"line":32,"column":11},"end":{"line":40,"column":5}},"13":{"start":{"line":33,"column":8},"end":{"line":33,"column":38}},"14":{"start":{"line":34,"column":11},"end":{"line":40,"column":5}},"15":{"start":{"line":35,"column":8},"end":{"line":35,"column":65}},"16":{"start":{"line":36,"column":11},"end":{"line":40,"column":5}},"17":{"start":{"line":37,"column":8},"end":{"line":37,"column":106}},"18":{"start":{"line":38,"column":11},"end":{"line":40,"column":5}},"19":{"start":{"line":39,"column":8},"end":{"line":39,"column":106}},"20":{"start":{"line":41,"column":4},"end":{"line":41,"column":18}},"21":{"start":{"line":50,"column":4},"end":{"line":53,"column":5}},"22":{"start":{"line":52,"column":8},"end":{"line":52,"column":23}},"23":{"start":{"line":55,"column":16},"end":{"line":55,"column":25}},"24":{"start":{"line":56,"column":17},"end":{"line":56,"column":18}},"25":{"start":{"line":57,"column":4},"end":{"line":61,"column":5}},"26":{"start":{"line":57,"column":17},"end":{"line":57,"column":18}},"27":{"start":{"line":58,"column":8},"end":{"line":60,"column":9}},"28":{"start":{"line":59,"column":12},"end":{"line":59,"column":31}},"29":{"start":{"line":62,"column":4},"end":{"line":62,"column":18}},"30":{"start":{"line":71,"column":4},"end":{"line":74,"column":5}},"31":{"start":{"line":73,"column":8},"end":{"line":73,"column":23}},"32":{"start":{"line":76,"column":4},"end":{"line":76,"column":87}},"33":{"start":{"line":77,"column":4},"end":{"line":77,"column":18}},"34":{"start":{"line":87,"column":4},"end":{"line":89,"column":5}},"35":{"start":{"line":88,"column":8},"end":{"line":88,"column":23}},"36":{"start":{"line":91,"column":4},"end":{"line":105,"column":5}},"37":{"start":{"line":92,"column":8},"end":{"line":92,"column":36}},"38":{"start":{"line":93,"column":11},"end":{"line":105,"column":5}},"39":{"start":{"line":94,"column":8},"end":{"line":94,"column":36}},"40":{"start":{"line":95,"column":11},"end":{"line":105,"column":5}},"41":{"start":{"line":96,"column":8},"end":{"line":96,"column":36}},"42":{"start":{"line":97,"column":11},"end":{"line":105,"column":5}},"43":{"start":{"line":98,"column":8},"end":{"line":98,"column":36}},"44":{"start":{"line":99,"column":11},"end":{"line":105,"column":5}},"45":{"start":{"line":100,"column":8},"end":{"line":100,"column":36}},"46":{"start":{"line":101,"column":11},"end":{"line":105,"column":5}},"47":{"start":{"line":102,"column":8},"end":{"line":102,"column":36}},"48":{"start":{"line":104,"column":8},"end":{"line":104,"column":23}},"49":{"start":{"line":108,"column":0},"end":{"line":108,"column":62}}},"fnMap":{"0":{"name":"even","decl":{"start":{"line":4,"column":9},"end":{"line":4,"column":13}},"loc":{"start":{"line":4,"column":20},"end":{"line":12,"column":1}},"line":4},"1":{"name":"getQuarter","decl":{"start":{"line":20,"column":9},"end":{"line":20,"column":19}},"loc":{"start":{"line":20,"column":26},"end":{"line":42,"column":1}},"line":20},"2":{"name":"positivSum","decl":{"start":{"line":49,"column":9},"end":{"line":49,"column":19}},"loc":{"start":{"line":49,"column":29},"end":{"line":63,"column":1}},"line":49},"3":{"name":"max","decl":{"start":{"line":70,"column":9},"end":{"line":70,"column":12}},"loc":{"start":{"line":70,"column":22},"end":{"line":78,"column":1}},"line":70},"4":{"name":"getMark","decl":{"start":{"line":86,"column":9},"end":{"line":86,"column":16}},"loc":{"start":{"line":86,"column":20},"end":{"line":106,"column":1}},"line":86}},"branchMap":{"0":{"loc":{"start":{"line":6,"column":4},"end":{"line":8,"column":5}},"type":"if","locations":[{"start":{"line":6,"column":4},"end":{"line":8,"column":5}},{"start":{"line":6,"column":4},"end":{"line":8,"column":5}}],"line":6},"1":{"loc":{"start":{"line":6,"column":8},"end":{"line":6,"column":92}},"type":"binary-expr","locations":[{"start":{"line":6,"column":8},"end":{"line":6,"column":29}},{"start":{"line":6,"column":33},"end":{"line":6,"column":54}},{"start":{"line":6,"column":58},"end":{"line":6,"column":73}},{"start":{"line":6,"column":77},"end":{"line":6,"column":92}}],"line":6},"2":{"loc":{"start":{"line":10,"column":4},"end":{"line":10,"column":47}},"type":"cond-expr","locations":[{"start":{"line":10,"column":18},"end":{"line":10,"column":27}},{"start":{"line":10,"column":30},"end":{"line":10,"column":47}}],"line":10},"3":{"loc":{"start":{"line":22,"column":4},"end":{"line":24,"column":5}},"type":"if","locations":[{"start":{"line":22,"column":4},"end":{"line":24,"column":5}},{"start":{"line":22,"column":4},"end":{"line":24,"column":5}}],"line":22},"4":{"loc":{"start":{"line":22,"column":8},"end":{"line":22,"column":92}},"type":"binary-expr","locations":[{"start":{"line":22,"column":8},"end":{"line":22,"column":29}},{"start":{"line":22,"column":33},"end":{"line":22,"column":54}},{"start":{"line":22,"column":58},"end":{"line":22,"column":73}},{"start":{"line":22,"column":77},"end":{"line":22,"column":92}}],"line":22},"5":{"loc":{"start":{"line":26,"column":4},"end":{"line":40,"column":5}},"type":"if","locations":[{"start":{"line":26,"column":4},"end":{"line":40,"column":5}},{"start":{"line":26,"column":4},"end":{"line":40,"column":5}}],"line":26},"6":{"loc":{"start":{"line":26,"column":8},"end":{"line":26,"column":22}},"type":"binary-expr","locations":[{"start":{"line":26,"column":8},"end":{"line":26,"column":13}},{"start":{"line":26,"column":17},"end":{"line":26,"column":22}}],"line":26},"7":{"loc":{"start":{"line":28,"column":11},"end":{"line":40,"column":5}},"type":"if","locations":[{"start":{"line":28,"column":11},"end":{"line":40,"column":5}},{"start":{"line":28,"column":11},"end":{"line":40,"column":5}}],"line":28},"8":{"loc":{"start":{"line":28,"column":15},"end":{"line":28,"column":29}},"type":"binary-expr","locations":[{"start":{"line":28,"column":15},"end":{"line":28,"column":20}},{"start":{"line":28,"column":24},"end":{"line":28,"column":29}}],"line":28},"9":{"loc":{"start":{"line":30,"column":11},"end":{"line":40,"column":5}},"type":"if","locations":[{"start":{"line":30,"column":11},"end":{"line":40,"column":5}},{"start":{"line":30,"column":11},"end":{"line":40,"column":5}}],"line":30},"10":{"loc":{"start":{"line":30,"column":15},"end":{"line":30,"column":29}},"type":"binary-expr","locations":[{"start":{"line":30,"column":15},"end":{"line":30,"column":20}},{"start":{"line":30,"column":24},"end":{"line":30,"column":29}}],"line":30},"11":{"loc":{"start":{"line":32,"column":11},"end":{"line":40,"column":5}},"type":"if","locations":[{"start":{"line":32,"column":11},"end":{"line":40,"column":5}},{"start":{"line":32,"column":11},"end":{"line":40,"column":5}}],"line":32},"12":{"loc":{"start":{"line":32,"column":15},"end":{"line":32,"column":29}},"type":"binary-expr","locations":[{"start":{"line":32,"column":15},"end":{"line":32,"column":20}},{"start":{"line":32,"column":24},"end":{"line":32,"column":29}}],"line":32},"13":{"loc":{"start":{"line":34,"column":11},"end":{"line":40,"column":5}},"type":"if","locations":[{"start":{"line":34,"column":11},"end":{"line":40,"column":5}},{"start":{"line":34,"column":11},"end":{"line":40,"column":5}}],"line":34},"14":{"loc":{"start":{"line":34,"column":15},"end":{"line":34,"column":33}},"type":"binary-expr","locations":[{"start":{"line":34,"column":15},"end":{"line":34,"column":22}},{"start":{"line":34,"column":26},"end":{"line":34,"column":33}}],"line":34},"15":{"loc":{"start":{"line":36,"column":11},"end":{"line":40,"column":5}},"type":"if","locations":[{"start":{"line":36,"column":11},"end":{"line":40,"column":5}},{"start":{"line":36,"column":11},"end":{"line":40,"column":5}}],"line":36},"16":{"loc":{"start":{"line":36,"column":15},"end":{"line":36,"column":33}},"type":"binary-expr","locations":[{"start":{"line":36,"column":15},"end":{"line":36,"column":22}},{"start":{"line":36,"column":26},"end":{"line":36,"column":33}}],"line":36},"17":{"loc":{"start":{"line":37,"column":8},"end":{"line":37,"column":105}},"type":"cond-expr","locations":[{"start":{"line":37,"column":16},"end":{"line":37,"column":59}},{"start":{"line":37,"column":62},"end":{"line":37,"column":105}}],"line":37},"18":{"loc":{"start":{"line":38,"column":11},"end":{"line":40,"column":5}},"type":"if","locations":[{"start":{"line":38,"column":11},"end":{"line":40,"column":5}},{"start":{"line":38,"column":11},"end":{"line":40,"column":5}}],"line":38},"19":{"loc":{"start":{"line":38,"column":15},"end":{"line":38,"column":33}},"type":"binary-expr","locations":[{"start":{"line":38,"column":15},"end":{"line":38,"column":22}},{"start":{"line":38,"column":26},"end":{"line":38,"column":33}}],"line":38},"20":{"loc":{"start":{"line":39,"column":8},"end":{"line":39,"column":105}},"type":"cond-expr","locations":[{"start":{"line":39,"column":16},"end":{"line":39,"column":59}},{"start":{"line":39,"column":62},"end":{"line":39,"column":105}}],"line":39},"21":{"loc":{"start":{"line":50,"column":4},"end":{"line":53,"column":5}},"type":"if","locations":[{"start":{"line":50,"column":4},"end":{"line":53,"column":5}},{"start":{"line":50,"column":4},"end":{"line":53,"column":5}}],"line":50},"22":{"loc":{"start":{"line":50,"column":8},"end":{"line":51,"column":62}},"type":"binary-expr","locations":[{"start":{"line":50,"column":8},"end":{"line":50,"column":29}},{"start":{"line":50,"column":33},"end":{"line":50,"column":54}},{"start":{"line":50,"column":58},"end":{"line":50,"column":79}},{"start":{"line":51,"column":9},"end":{"line":51,"column":24}},{"start":{"line":51,"column":28},"end":{"line":51,"column":43}},{"start":{"line":51,"column":47},"end":{"line":51,"column":62}}],"line":50},"23":{"loc":{"start":{"line":58,"column":8},"end":{"line":60,"column":9}},"type":"if","locations":[{"start":{"line":58,"column":8},"end":{"line":60,"column":9}},{"start":{"line":58,"column":8},"end":{"line":60,"column":9}}],"line":58},"24":{"loc":{"start":{"line":71,"column":4},"end":{"line":74,"column":5}},"type":"if","locations":[{"start":{"line":71,"column":4},"end":{"line":74,"column":5}},{"start":{"line":71,"column":4},"end":{"line":74,"column":5}}],"line":71},"25":{"loc":{"start":{"line":71,"column":8},"end":{"line":72,"column":62}},"type":"binary-expr","locations":[{"start":{"line":71,"column":8},"end":{"line":71,"column":29}},{"start":{"line":71,"column":33},"end":{"line":71,"column":54}},{"start":{"line":71,"column":58},"end":{"line":71,"column":79}},{"start":{"line":72,"column":9},"end":{"line":72,"column":24}},{"start":{"line":72,"column":28},"end":{"line":72,"column":43}},{"start":{"line":72,"column":47},"end":{"line":72,"column":62}}],"line":71},"26":{"loc":{"start":{"line":76,"column":4},"end":{"line":76,"column":86}},"type":"cond-expr","locations":[{"start":{"line":76,"column":31},"end":{"line":76,"column":57}},{"start":{"line":76,"column":60},"end":{"line":76,"column":86}}],"line":76},"27":{"loc":{"start":{"line":87,"column":4},"end":{"line":89,"column":5}},"type":"if","locations":[{"start":{"line":87,"column":4},"end":{"line":89,"column":5}},{"start":{"line":87,"column":4},"end":{"line":89,"column":5}}],"line":87},"28":{"loc":{"start":{"line":87,"column":8},"end":{"line":87,"column":48}},"type":"binary-expr","locations":[{"start":{"line":87,"column":8},"end":{"line":87,"column":29}},{"start":{"line":87,"column":33},"end":{"line":87,"column":48}}],"line":87},"29":{"loc":{"start":{"line":91,"column":4},"end":{"line":105,"column":5}},"type":"if","locations":[{"start":{"line":91,"column":4},"end":{"line":105,"column":5}},{"start":{"line":91,"column":4},"end":{"line":105,"column":5}}],"line":91},"30":{"loc":{"start":{"line":91,"column":8},"end":{"line":91,"column":25}},"type":"binary-expr","locations":[{"start":{"line":91,"column":8},"end":{"line":91,"column":14}},{"start":{"line":91,"column":18},"end":{"line":91,"column":25}}],"line":91},"31":{"loc":{"start":{"line":93,"column":11},"end":{"line":105,"column":5}},"type":"if","locations":[{"start":{"line":93,"column":11},"end":{"line":105,"column":5}},{"start":{"line":93,"column":11},"end":{"line":105,"column":5}}],"line":93},"32":{"loc":{"start":{"line":93,"column":15},"end":{"line":93,"column":32}},"type":"binary-expr","locations":[{"start":{"line":93,"column":15},"end":{"line":93,"column":21}},{"start":{"line":93,"column":25},"end":{"line":93,"column":32}}],"line":93},"33":{"loc":{"start":{"line":95,"column":11},"end":{"line":105,"column":5}},"type":"if","locations":[{"start":{"line":95,"column":11},"end":{"line":105,"column":5}},{"start":{"line":95,"column":11},"end":{"line":105,"column":5}}],"line":95},"34":{"loc":{"start":{"line":95,"column":15},"end":{"line":95,"column":32}},"type":"binary-expr","locations":[{"start":{"line":95,"column":15},"end":{"line":95,"column":21}},{"start":{"line":95,"column":25},"end":{"line":95,"column":32}}],"line":95},"35":{"loc":{"start":{"line":97,"column":11},"end":{"line":105,"column":5}},"type":"if","locations":[{"start":{"line":97,"column":11},"end":{"line":105,"column":5}},{"start":{"line":97,"column":11},"end":{"line":105,"column":5}}],"line":97},"36":{"loc":{"start":{"line":97,"column":15},"end":{"line":97,"column":32}},"type":"binary-expr","locations":[{"start":{"line":97,"column":15},"end":{"line":97,"column":21}},{"start":{"line":97,"column":25},"end":{"line":97,"column":32}}],"line":97},"37":{"loc":{"start":{"line":99,"column":11},"end":{"line":105,"column":5}},"type":"if","locations":[{"start":{"line":99,"column":11},"end":{"line":105,"column":5}},{"start":{"line":99,"column":11},"end":{"line":105,"column":5}}],"line":99},"38":{"loc":{"start":{"line":99,"column":15},"end":{"line":99,"column":32}},"type":"binary-expr","locations":[{"start":{"line":99,"column":15},"end":{"line":99,"column":21}},{"start":{"line":99,"column":25},"end":{"line":99,"column":32}}],"line":99},"39":{"loc":{"start":{"line":101,"column":11},"end":{"line":105,"column":5}},"type":"if","locations":[{"start":{"line":101,"column":11},"end":{"line":105,"column":5}},{"start":{"line":101,"column":11},"end":{"line":105,"column":5}}],"line":101},"40":{"loc":{"start":{"line":101,"column":15},"end":{"line":101,"column":33}},"type":"binary-expr","locations":[{"start":{"line":101,"column":15},"end":{"line":101,"column":21}},{"start":{"line":101,"column":25},"end":{"line":101,"column":33}}],"line":101}},"s":{"0":8,"1":6,"2":2,"3":2,"4":14,"5":6,"6":8,"7":1,"8":7,"9":1,"10":6,"11":1,"12":5,"13":1,"14":4,"15":0,"16":4,"17":2,"18":2,"19":2,"20":4,"21":12,"22":7,"23":5,"24":5,"25":5,"26":5,"27":15,"28":9,"29":5,"30":10,"31":7,"32":3,"33":3,"34":12,"35":4,"36":8,"37":1,"38":7,"39":1,"40":6,"41":1,"42":5,"43":1,"44":4,"45":1,"46":3,"47":1,"48":2,"49":1},"f":{"0":8,"1":14,"2":12,"3":10,"4":12},"b":{"0":[6,2],"1":[8,5,5,4],"2":[1,1],"3":[6,8],"4":[14,11,11,9],"5":[1,7],"6":[8,3],"7":[1,6],"8":[7,2],"9":[1,5],"10":[6,3],"11":[1,4],"12":[5,2],"13":[0,4],"14":[4,2],"15":[2,2],"16":[4,2],"17":[1,1],"18":[2,0],"19":[2,2],"20":[1,1],"21":[7,5],"22":[12,11,10,9,7,6],"23":[9,6],"24":[7,3],"25":[10,9,8,7,5,4],"26":[2,1],"27":[4,8],"28":[12,10],"29":[1,7],"30":[8,7],"31":[1,6],"32":[7,6],"33":[1,5],"34":[6,5],"35":[1,4],"36":[5,4],"37":[1,3],"38":[4,3],"39":[1,2],"40":[3,2]},"_coverageSchema":"1a1c01bbd47fc00a2c39e90264f33305004495a9","hash":"b249796443717bc15eec5e25db85b4765f7ecaae"}
,"D:\\GitHub\\GitHubProjects\\kirhw\\7hw\\test\\cycles.js": {"path":"D:\\GitHub\\GitHubProjects\\kirhw\\7hw\\test\\cycles.js","statementMap":{"0":{"start":{"line":5,"column":18},"end":{"line":5,"column":19}},"1":{"start":{"line":6,"column":17},"end":{"line":6,"column":18}},"2":{"start":{"line":7,"column":4},"end":{"line":12,"column":5}},"3":{"start":{"line":7,"column":17},"end":{"line":7,"column":18}},"4":{"start":{"line":8,"column":8},"end":{"line":11,"column":9}},"5":{"start":{"line":9,"column":12},"end":{"line":9,"column":22}},"6":{"start":{"line":10,"column":12},"end":{"line":10,"column":24}},"7":{"start":{"line":13,"column":4},"end":{"line":13,"column":81}},"8":{"start":{"line":21,"column":4},"end":{"line":23,"column":5}},"9":{"start":{"line":22,"column":8},"end":{"line":22,"column":23}},"10":{"start":{"line":25,"column":4},"end":{"line":29,"column":5}},"11":{"start":{"line":25,"column":17},"end":{"line":25,"column":18}},"12":{"start":{"line":26,"column":8},"end":{"line":28,"column":9}},"13":{"start":{"line":27,"column":12},"end":{"line":27,"column":34}},"14":{"start":{"line":30,"column":4},"end":{"line":30,"column":22}},"15":{"start":{"line":38,"column":4},"end":{"line":40,"column":5}},"16":{"start":{"line":39,"column":8},"end":{"line":39,"column":23}},"17":{"start":{"line":42,"column":4},"end":{"line":47,"column":5}},"18":{"start":{"line":42,"column":17},"end":{"line":42,"column":18}},"19":{"start":{"line":43,"column":8},"end":{"line":46,"column":9}},"20":{"start":{"line":44,"column":12},"end":{"line":44,"column":24}},"21":{"start":{"line":45,"column":12},"end":{"line":45,"column":27}},"22":{"start":{"line":48,"column":4},"end":{"line":48,"column":34}},"23":{"start":{"line":56,"column":4},"end":{"line":58,"column":5}},"24":{"start":{"line":57,"column":8},"end":{"line":57,"column":23}},"25":{"start":{"line":60,"column":14},"end":{"line":60,"column":15}},"26":{"start":{"line":61,"column":14},"end":{"line":61,"column":15}},"27":{"start":{"line":62,"column":15},"end":{"line":62,"column":16}},"28":{"start":{"line":63,"column":4},"end":{"line":70,"column":5}},"29":{"start":{"line":64,"column":8},"end":{"line":64,"column":39}},"30":{"start":{"line":65,"column":8},"end":{"line":69,"column":9}},"31":{"start":{"line":66,"column":12},"end":{"line":66,"column":22}},"32":{"start":{"line":68,"column":12},"end":{"line":68,"column":23}},"33":{"start":{"line":71,"column":4},"end":{"line":71,"column":15}},"34":{"start":{"line":80,"column":4},"end":{"line":82,"column":5}},"35":{"start":{"line":81,"column":8},"end":{"line":81,"column":23}},"36":{"start":{"line":84,"column":15},"end":{"line":84,"column":16}},"37":{"start":{"line":85,"column":4},"end":{"line":87,"column":5}},"38":{"start":{"line":85,"column":16},"end":{"line":85,"column":17}},"39":{"start":{"line":86,"column":8},"end":{"line":86,"column":18}},"40":{"start":{"line":88,"column":4},"end":{"line":88,"column":16}},"41":{"start":{"line":96,"column":4},"end":{"line":98,"column":5}},"42":{"start":{"line":97,"column":8},"end":{"line":97,"column":23}},"43":{"start":{"line":100,"column":4},"end":{"line":100,"column":20}},"44":{"start":{"line":101,"column":4},"end":{"line":101,"column":10}},"45":{"start":{"line":102,"column":4},"end":{"line":104,"column":5}},"46":{"start":{"line":102,"column":17},"end":{"line":102,"column":18}},"47":{"start":{"line":103,"column":8},"end":{"line":103,"column":20}},"48":{"start":{"line":105,"column":4},"end":{"line":105,"column":13}},"49":{"start":{"line":113,"column":4},"end":{"line":115,"column":5}},"50":{"start":{"line":114,"column":8},"end":{"line":114,"column":23}},"51":{"start":{"line":117,"column":17},"end":{"line":117,"column":19}},"52":{"start":{"line":118,"column":4},"end":{"line":118,"column":22}},"53":{"start":{"line":119,"column":4},"end":{"line":121,"column":5}},"54":{"start":{"line":119,"column":17},"end":{"line":119,"column":31}},"55":{"start":{"line":120,"column":8},"end":{"line":120,"column":25}},"56":{"start":{"line":122,"column":4},"end":{"line":122,"column":22}},"57":{"start":{"line":126,"column":0},"end":{"line":126,"column":74}}},"fnMap":{"0":{"name":"getSum","decl":{"start":{"line":4,"column":9},"end":{"line":4,"column":15}},"loc":{"start":{"line":4,"column":18},"end":{"line":14,"column":1}},"line":4},"1":{"name":"isPrime","decl":{"start":{"line":20,"column":9},"end":{"line":20,"column":16}},"loc":{"start":{"line":20,"column":19},"end":{"line":31,"column":1}},"line":20},"2":{"name":"sqrt","decl":{"start":{"line":37,"column":9},"end":{"line":37,"column":13}},"loc":{"start":{"line":37,"column":17},"end":{"line":49,"column":1}},"line":37},"3":{"name":"sqrtBin","decl":{"start":{"line":55,"column":9},"end":{"line":55,"column":16}},"loc":{"start":{"line":55,"column":20},"end":{"line":72,"column":1}},"line":55},"4":{"name":"fak","decl":{"start":{"line":79,"column":9},"end":{"line":79,"column":12}},"loc":{"start":{"line":79,"column":16},"end":{"line":89,"column":1}},"line":79},"5":{"name":"getStrSum","decl":{"start":{"line":95,"column":9},"end":{"line":95,"column":18}},"loc":{"start":{"line":95,"column":24},"end":{"line":106,"column":1}},"line":95},"6":{"name":"revers","decl":{"start":{"line":112,"column":9},"end":{"line":112,"column":15}},"loc":{"start":{"line":112,"column":21},"end":{"line":123,"column":1}},"line":112}},"branchMap":{"0":{"loc":{"start":{"line":8,"column":8},"end":{"line":11,"column":9}},"type":"if","locations":[{"start":{"line":8,"column":8},"end":{"line":11,"column":9}},{"start":{"line":8,"column":8},"end":{"line":11,"column":9}}],"line":8},"1":{"loc":{"start":{"line":21,"column":4},"end":{"line":23,"column":5}},"type":"if","locations":[{"start":{"line":21,"column":4},"end":{"line":23,"column":5}},{"start":{"line":21,"column":4},"end":{"line":23,"column":5}}],"line":21},"2":{"loc":{"start":{"line":21,"column":8},"end":{"line":21,"column":48}},"type":"binary-expr","locations":[{"start":{"line":21,"column":8},"end":{"line":21,"column":23}},{"start":{"line":21,"column":27},"end":{"line":21,"column":48}}],"line":21},"3":{"loc":{"start":{"line":26,"column":8},"end":{"line":28,"column":9}},"type":"if","locations":[{"start":{"line":26,"column":8},"end":{"line":28,"column":9}},{"start":{"line":26,"column":8},"end":{"line":28,"column":9}}],"line":26},"4":{"loc":{"start":{"line":38,"column":4},"end":{"line":40,"column":5}},"type":"if","locations":[{"start":{"line":38,"column":4},"end":{"line":40,"column":5}},{"start":{"line":38,"column":4},"end":{"line":40,"column":5}}],"line":38},"5":{"loc":{"start":{"line":38,"column":8},"end":{"line":38,"column":48}},"type":"binary-expr","locations":[{"start":{"line":38,"column":8},"end":{"line":38,"column":23}},{"start":{"line":38,"column":27},"end":{"line":38,"column":48}}],"line":38},"6":{"loc":{"start":{"line":43,"column":8},"end":{"line":46,"column":9}},"type":"if","locations":[{"start":{"line":43,"column":8},"end":{"line":46,"column":9}},{"start":{"line":43,"column":8},"end":{"line":46,"column":9}}],"line":43},"7":{"loc":{"start":{"line":56,"column":4},"end":{"line":58,"column":5}},"type":"if","locations":[{"start":{"line":56,"column":4},"end":{"line":58,"column":5}},{"start":{"line":56,"column":4},"end":{"line":58,"column":5}}],"line":56},"8":{"loc":{"start":{"line":56,"column":8},"end":{"line":56,"column":48}},"type":"binary-expr","locations":[{"start":{"line":56,"column":8},"end":{"line":56,"column":23}},{"start":{"line":56,"column":27},"end":{"line":56,"column":48}}],"line":56},"9":{"loc":{"start":{"line":65,"column":8},"end":{"line":69,"column":9}},"type":"if","locations":[{"start":{"line":65,"column":8},"end":{"line":69,"column":9}},{"start":{"line":65,"column":8},"end":{"line":69,"column":9}}],"line":65},"10":{"loc":{"start":{"line":80,"column":4},"end":{"line":82,"column":5}},"type":"if","locations":[{"start":{"line":80,"column":4},"end":{"line":82,"column":5}},{"start":{"line":80,"column":4},"end":{"line":82,"column":5}}],"line":80},"11":{"loc":{"start":{"line":80,"column":8},"end":{"line":80,"column":48}},"type":"binary-expr","locations":[{"start":{"line":80,"column":8},"end":{"line":80,"column":23}},{"start":{"line":80,"column":27},"end":{"line":80,"column":48}}],"line":80},"12":{"loc":{"start":{"line":96,"column":4},"end":{"line":98,"column":5}},"type":"if","locations":[{"start":{"line":96,"column":4},"end":{"line":98,"column":5}},{"start":{"line":96,"column":4},"end":{"line":98,"column":5}}],"line":96},"13":{"loc":{"start":{"line":113,"column":4},"end":{"line":115,"column":5}},"type":"if","locations":[{"start":{"line":113,"column":4},"end":{"line":115,"column":5}},{"start":{"line":113,"column":4},"end":{"line":115,"column":5}}],"line":113}},"s":{"0":1,"1":1,"2":1,"3":1,"4":99,"5":50,"6":50,"7":1,"8":5,"9":2,"10":3,"11":3,"12":6,"13":1,"14":2,"15":4,"16":2,"17":2,"18":2,"19":99,"20":1,"21":1,"22":1,"23":4,"24":2,"25":2,"26":2,"27":2,"28":2,"29":14,"30":14,"31":6,"32":8,"33":2,"34":0,"35":0,"36":0,"37":0,"38":0,"39":0,"40":0,"41":3,"42":1,"43":2,"44":2,"45":2,"46":2,"47":6,"48":2,"49":3,"50":1,"51":2,"52":2,"53":2,"54":2,"55":8,"56":2,"57":1},"f":{"0":1,"1":5,"2":4,"3":4,"4":0,"5":3,"6":3},"b":{"0":[50,49],"1":[2,3],"2":[5,4],"3":[1,5],"4":[2,2],"5":[4,3],"6":[1,98],"7":[2,2],"8":[4,3],"9":[6,8],"10":[0,0],"11":[0,0],"12":[1,2],"13":[1,2]},"_coverageSchema":"1a1c01bbd47fc00a2c39e90264f33305004495a9","hash":"4ef7744cd678e827a422299af95a710befa4f3fc"}
}
