TN:
SF:test\arrays.js
FN:3,smallestElement
FN:21,largestElement
FN:39,smallestIndex
FN:59,largestIndex
FN:80,oddIndex
FN:99,arrRevers
FN:115,oddNumbers
FN:134,halfRevers
FN:152,bubbleSort
FN:174,selectSort
FN:196,insertSort
FNF:11
FNH:11
FNDA:5,smallestElement
FNDA:5,largestElement
FNDA:5,smallestIndex
FNDA:7,largestIndex
FNDA:6,oddIndex
FNDA:6,arrRevers
FNDA:6,oddNumbers
FNDA:6,halfRevers
FNDA:7,bubbleSort
FNDA:6,selectSort
FNDA:6,insertSort
DA:4,5
DA:5,3
DA:8,2
DA:9,2
DA:10,6
DA:11,2
DA:14,2
DA:22,5
DA:23,3
DA:26,2
DA:27,2
DA:28,6
DA:29,2
DA:32,2
DA:40,5
DA:41,3
DA:44,2
DA:45,2
DA:46,2
DA:47,6
DA:48,3
DA:49,3
DA:52,2
DA:60,7
DA:61,3
DA:64,4
DA:65,4
DA:66,4
DA:67,12
DA:68,4
DA:69,4
DA:72,4
DA:81,6
DA:82,3
DA:85,3
DA:86,3
DA:87,21
DA:88,9
DA:91,3
DA:100,6
DA:101,3
DA:104,3
DA:105,3
DA:106,13
DA:108,3
DA:116,6
DA:117,3
DA:120,3
DA:121,3
DA:122,23
DA:123,14
DA:126,3
DA:135,6
DA:136,3
DA:139,3
DA:140,3
DA:141,13
DA:143,3
DA:144,3
DA:153,7
DA:154,3
DA:157,4
DA:158,4
DA:159,28
DA:160,196
DA:161,26
DA:162,26
DA:163,26
DA:167,4
DA:170,1
DA:175,6
DA:176,3
DA:179,3
DA:180,18
DA:181,18
DA:182,63
DA:183,17
DA:186,18
DA:187,18
DA:188,18
DA:190,3
DA:197,6
DA:198,3
DA:201,3
DA:202,18
DA:203,37
DA:204,20
DA:205,20
DA:206,20
DA:208,17
DA:212,3
DA:218,1
LF:92
LH:92
BRDA:4,0,0,3
BRDA:4,0,1,2
BRDA:4,1,0,5
BRDA:4,1,1,4
BRDA:4,1,2,3
BRDA:10,2,0,2
BRDA:10,2,1,4
BRDA:22,3,0,3
BRDA:22,3,1,2
BRDA:22,4,0,5
BRDA:22,4,1,4
BRDA:22,4,2,3
BRDA:28,5,0,2
BRDA:28,5,1,4
BRDA:40,6,0,3
BRDA:40,6,1,2
BRDA:40,7,0,5
BRDA:40,7,1,4
BRDA:40,7,2,3
BRDA:47,8,0,3
BRDA:47,8,1,3
BRDA:60,9,0,3
BRDA:60,9,1,4
BRDA:60,10,0,7
BRDA:60,10,1,6
BRDA:60,10,2,5
BRDA:67,11,0,4
BRDA:67,11,1,8
BRDA:81,12,0,3
BRDA:81,12,1,3
BRDA:81,13,0,6
BRDA:81,13,1,5
BRDA:81,13,2,4
BRDA:87,14,0,9
BRDA:87,14,1,12
BRDA:100,15,0,3
BRDA:100,15,1,3
BRDA:100,16,0,6
BRDA:100,16,1,5
BRDA:100,16,2,4
BRDA:116,17,0,3
BRDA:116,17,1,3
BRDA:116,18,0,6
BRDA:116,18,1,5
BRDA:116,18,2,4
BRDA:122,19,0,14
BRDA:122,19,1,9
BRDA:135,20,0,3
BRDA:135,20,1,3
BRDA:135,21,0,6
BRDA:135,21,1,5
BRDA:135,21,2,4
BRDA:153,22,0,3
BRDA:153,22,1,4
BRDA:153,23,0,7
BRDA:153,23,1,6
BRDA:153,23,2,5
BRDA:160,24,0,26
BRDA:160,24,1,170
BRDA:175,25,0,3
BRDA:175,25,1,3
BRDA:175,26,0,6
BRDA:175,26,1,5
BRDA:175,26,2,4
BRDA:182,27,0,17
BRDA:182,27,1,46
BRDA:197,28,0,3
BRDA:197,28,1,3
BRDA:197,29,0,6
BRDA:197,29,1,5
BRDA:197,29,2,4
BRDA:203,30,0,20
BRDA:203,30,1,17
BRF:73
BRH:73
end_of_record
TN:
SF:test\conditional.js
FN:4,even
FN:20,getQuarter
FN:49,positivSum
FN:70,max
FN:86,getMark
FNF:5
FNH:5
FNDA:8,even
FNDA:14,getQuarter
FNDA:12,positivSum
FNDA:10,max
FNDA:12,getMark
DA:6,8
DA:7,6
DA:10,2
DA:11,2
DA:22,14
DA:23,6
DA:26,8
DA:27,1
DA:28,7
DA:29,1
DA:30,6
DA:31,1
DA:32,5
DA:33,1
DA:34,4
DA:35,0
DA:36,4
DA:37,2
DA:38,2
DA:39,2
DA:41,4
DA:50,12
DA:52,7
DA:55,5
DA:56,5
DA:57,5
DA:58,15
DA:59,9
DA:62,5
DA:71,10
DA:73,7
DA:76,3
DA:77,3
DA:87,12
DA:88,4
DA:91,8
DA:92,1
DA:93,7
DA:94,1
DA:95,6
DA:96,1
DA:97,5
DA:98,1
DA:99,4
DA:100,1
DA:101,3
DA:102,1
DA:104,2
DA:108,1
LF:49
LH:48
BRDA:6,0,0,6
BRDA:6,0,1,2
BRDA:6,1,0,8
BRDA:6,1,1,5
BRDA:6,1,2,5
BRDA:6,1,3,4
BRDA:10,2,0,1
BRDA:10,2,1,1
BRDA:22,3,0,6
BRDA:22,3,1,8
BRDA:22,4,0,14
BRDA:22,4,1,11
BRDA:22,4,2,11
BRDA:22,4,3,9
BRDA:26,5,0,1
BRDA:26,5,1,7
BRDA:26,6,0,8
BRDA:26,6,1,3
BRDA:28,7,0,1
BRDA:28,7,1,6
BRDA:28,8,0,7
BRDA:28,8,1,2
BRDA:30,9,0,1
BRDA:30,9,1,5
BRDA:30,10,0,6
BRDA:30,10,1,3
BRDA:32,11,0,1
BRDA:32,11,1,4
BRDA:32,12,0,5
BRDA:32,12,1,2
BRDA:34,13,0,0
BRDA:34,13,1,4
BRDA:34,14,0,4
BRDA:34,14,1,2
BRDA:36,15,0,2
BRDA:36,15,1,2
BRDA:36,16,0,4
BRDA:36,16,1,2
BRDA:37,17,0,1
BRDA:37,17,1,1
BRDA:38,18,0,2
BRDA:38,18,1,0
BRDA:38,19,0,2
BRDA:38,19,1,2
BRDA:39,20,0,1
BRDA:39,20,1,1
BRDA:50,21,0,7
BRDA:50,21,1,5
BRDA:50,22,0,12
BRDA:50,22,1,11
BRDA:50,22,2,10
BRDA:50,22,3,9
BRDA:50,22,4,7
BRDA:50,22,5,6
BRDA:58,23,0,9
BRDA:58,23,1,6
BRDA:71,24,0,7
BRDA:71,24,1,3
BRDA:71,25,0,10
BRDA:71,25,1,9
BRDA:71,25,2,8
BRDA:71,25,3,7
BRDA:71,25,4,5
BRDA:71,25,5,4
BRDA:76,26,0,2
BRDA:76,26,1,1
BRDA:87,27,0,4
BRDA:87,27,1,8
BRDA:87,28,0,12
BRDA:87,28,1,10
BRDA:91,29,0,1
BRDA:91,29,1,7
BRDA:91,30,0,8
BRDA:91,30,1,7
BRDA:93,31,0,1
BRDA:93,31,1,6
BRDA:93,32,0,7
BRDA:93,32,1,6
BRDA:95,33,0,1
BRDA:95,33,1,5
BRDA:95,34,0,6
BRDA:95,34,1,5
BRDA:97,35,0,1
BRDA:97,35,1,4
BRDA:97,36,0,5
BRDA:97,36,1,4
BRDA:99,37,0,1
BRDA:99,37,1,3
BRDA:99,38,0,4
BRDA:99,38,1,3
BRDA:101,39,0,1
BRDA:101,39,1,2
BRDA:101,40,0,3
BRDA:101,40,1,2
BRF:94
BRH:92
end_of_record
TN:
SF:test\cycles.js
FN:4,getSum
FN:20,isPrime
FN:37,sqrt
FN:55,sqrtBin
FN:79,fak
FN:95,getStrSum
FN:112,revers
FNF:7
FNH:6
FNDA:1,getSum
FNDA:5,isPrime
FNDA:4,sqrt
FNDA:4,sqrtBin
FNDA:0,fak
FNDA:3,getStrSum
FNDA:3,revers
DA:5,1
DA:6,1
DA:7,1
DA:8,99
DA:9,50
DA:10,50
DA:13,1
DA:21,5
DA:22,2
DA:25,3
DA:26,6
DA:27,1
DA:30,2
DA:38,4
DA:39,2
DA:42,2
DA:43,99
DA:44,1
DA:45,1
DA:48,1
DA:56,4
DA:57,2
DA:60,2
DA:61,2
DA:62,2
DA:63,2
DA:64,14
DA:65,14
DA:66,6
DA:68,8
DA:71,2
DA:80,0
DA:81,0
DA:84,0
DA:85,0
DA:86,0
DA:88,0
DA:96,3
DA:97,1
DA:100,2
DA:101,2
DA:102,2
DA:103,6
DA:105,2
DA:113,3
DA:114,1
DA:117,2
DA:118,2
DA:119,2
DA:120,8
DA:122,2
DA:126,1
LF:52
LH:46
BRDA:8,0,0,50
BRDA:8,0,1,49
BRDA:21,1,0,2
BRDA:21,1,1,3
BRDA:21,2,0,5
BRDA:21,2,1,4
BRDA:26,3,0,1
BRDA:26,3,1,5
BRDA:38,4,0,2
BRDA:38,4,1,2
BRDA:38,5,0,4
BRDA:38,5,1,3
BRDA:43,6,0,1
BRDA:43,6,1,98
BRDA:56,7,0,2
BRDA:56,7,1,2
BRDA:56,8,0,4
BRDA:56,8,1,3
BRDA:65,9,0,6
BRDA:65,9,1,8
BRDA:80,10,0,0
BRDA:80,10,1,0
BRDA:80,11,0,0
BRDA:80,11,1,0
BRDA:96,12,0,1
BRDA:96,12,1,2
BRDA:113,13,0,1
BRDA:113,13,1,2
BRF:28
BRH:24
end_of_record
