TN:
SF:functions.js
FN:3,dayName
FN:17,distance
FN:37,callName
FN:76,callNumb
FN:95,searcher
FNF:5
FNH:5
FNDA:8,dayName
FNDA:13,distance
FNDA:12,callName
FNDA:13,callNumb
FNDA:43,searcher
DA:4,8
DA:5,4
DA:8,4
DA:10,4
DA:18,13
DA:20,9
DA:23,4
DA:24,4
DA:31,1
DA:32,1
DA:33,1
DA:38,12
DA:39,4
DA:42,8
DA:43,8
DA:45,8
DA:46,2
DA:47,2
DA:49,6
DA:50,2
DA:51,2
DA:52,2
DA:54,4
DA:55,4
DA:56,4
DA:57,1
DA:59,3
DA:60,3
DA:62,4
DA:70,1
DA:77,13
DA:78,2
DA:81,11
DA:82,11
DA:83,11
DA:84,11
DA:85,149
DA:86,124
DA:88,25
DA:89,25
DA:92,11
DA:96,43
DA:97,871
DA:98,36
DA:101,7
DA:103,1
DA:106,1
LF:47
LH:47
BRDA:4,0,0,4
BRDA:4,0,1,4
BRDA:4,1,0,8
BRDA:4,1,1,7
BRDA:4,1,2,6
BRDA:4,1,3,5
BRDA:18,2,0,9
BRDA:18,2,1,4
BRDA:18,3,0,13
BRDA:18,3,1,11
BRDA:18,3,2,10
BRDA:18,3,3,9
BRDA:18,3,4,8
BRDA:18,3,5,7
BRDA:18,3,6,6
BRDA:18,3,7,5
BRDA:38,4,0,4
BRDA:38,4,1,8
BRDA:38,5,0,12
BRDA:38,5,1,11
BRDA:38,5,2,10
BRDA:38,5,3,9
BRDA:45,6,0,2
BRDA:45,6,1,6
BRDA:49,7,0,2
BRDA:49,7,1,4
BRDA:49,8,0,6
BRDA:49,8,1,6
BRDA:51,9,0,1
BRDA:51,9,1,1
BRDA:54,10,0,4
BRDA:54,10,1,0
BRDA:56,11,0,1
BRDA:56,11,1,3
BRDA:59,12,0,1
BRDA:59,12,1,2
BRDA:60,13,0,2
BRDA:60,13,1,1
BRDA:77,14,0,2
BRDA:77,14,1,11
BRDA:77,15,0,13
BRDA:77,15,1,12
BRDA:85,16,0,124
BRDA:85,16,1,25
BRDA:85,17,0,149
BRDA:85,17,1,128
BRDA:88,18,0,18
BRDA:88,18,1,7
BRDA:97,19,0,36
BRDA:97,19,1,835
BRF:50
BRH:49
end_of_record
