{"D:\\GitHub\\GitHubProjects\\Test\\practice.js": {"path":"D:\\GitHub\\GitHubProjects\\Test\\practice.js","statementMap":{"0":{"start":{"line":3,"column":18},"end":{"line":3,"column":66}},"1":{"start":{"line":4,"column":16},"end":{"line":17,"column":1}},"2":{"start":{"line":20,"column":4},"end":{"line":22,"column":5}},"3":{"start":{"line":21,"column":8},"end":{"line":21,"column":22}},"4":{"start":{"line":23,"column":4},"end":{"line":29,"column":5}},"5":{"start":{"line":24,"column":8},"end":{"line":24,"column":18}},"6":{"start":{"line":25,"column":11},"end":{"line":29,"column":5}},"7":{"start":{"line":26,"column":8},"end":{"line":26,"column":38}},"8":{"start":{"line":28,"column":8},"end":{"line":28,"column":32}},"9":{"start":{"line":35,"column":0},"end":{"line":37,"column":2}},"10":{"start":{"line":36,"column":4},"end":{"line":36,"column":41}},"11":{"start":{"line":39,"column":12},"end":{"line":39,"column":14}},"12":{"start":{"line":40,"column":11},"end":{"line":40,"column":12}},"13":{"start":{"line":45,"column":0},"end":{"line":48,"column":2}}},"fnMap":{"0":{"name":"getDays","decl":{"start":{"line":19,"column":9},"end":{"line":19,"column":16}},"loc":{"start":{"line":19,"column":31},"end":{"line":30,"column":1}},"line":19},"1":{"name":"(anonymous_1)","decl":{"start":{"line":35,"column":25},"end":{"line":35,"column":26}},"loc":{"start":{"line":35,"column":36},"end":{"line":37,"column":2}},"line":35}},"branchMap":{"0":{"loc":{"start":{"line":20,"column":4},"end":{"line":22,"column":5}},"type":"if","locations":[{"start":{"line":20,"column":4},"end":{"line":22,"column":5}},{"start":{"line":20,"column":4},"end":{"line":22,"column":5}}],"line":20},"1":{"loc":{"start":{"line":20,"column":9},"end":{"line":20,"column":22}},"type":"binary-expr","locations":[{"start":{"line":20,"column":9},"end":{"line":20,"column":13}},{"start":{"line":20,"column":17},"end":{"line":20,"column":22}}],"line":20},"2":{"loc":{"start":{"line":23,"column":4},"end":{"line":29,"column":5}},"type":"if","locations":[{"start":{"line":23,"column":4},"end":{"line":29,"column":5}},{"start":{"line":23,"column":4},"end":{"line":29,"column":5}}],"line":23},"3":{"loc":{"start":{"line":23,"column":8},"end":{"line":23,"column":63}},"type":"binary-expr","locations":[{"start":{"line":23,"column":8},"end":{"line":23,"column":22}},{"start":{"line":23,"column":27},"end":{"line":23,"column":38}},{"start":{"line":23,"column":42},"end":{"line":23,"column":62}}],"line":23},"4":{"loc":{"start":{"line":25,"column":11},"end":{"line":29,"column":5}},"type":"if","locations":[{"start":{"line":25,"column":11},"end":{"line":29,"column":5}},{"start":{"line":25,"column":11},"end":{"line":29,"column":5}}],"line":25},"5":{"loc":{"start":{"line":36,"column":11},"end":{"line":36,"column":40}},"type":"cond-expr","locations":[{"start":{"line":36,"column":28},"end":{"line":36,"column":32}},{"start":{"line":36,"column":35},"end":{"line":36,"column":40}}],"line":36}},"s":{"0":1,"1":1,"2":7,"3":1,"4":6,"5":2,"6":4,"7":2,"8":2,"9":1,"10":4,"11":1,"12":1,"13":1},"f":{"0":7,"1":4},"b":{"0":[1,6],"1":[7,6],"2":[2,4],"3":[6,2,1],"4":[2,2],"5":[2,2]},"_coverageSchema":"1a1c01bbd47fc00a2c39e90264f33305004495a9","hash":"014ed8ebcd3b2740d52e31f4c0c9197a66795701"}
}
